node	U1	U2	U3
3457	105.514525785111	-1192.67613627017	-542.422407306731
3459	101.993478892837	-1235.15271116048	-620.720151346177
3714	162.773372721858	-1314.06961008906	-627.095578238368
3713	157.628732267767	-1271.12527843565	-552.879762835801
3435	69.8915973771363	-1201.60123333335	-623.701489530504
3437	63.0973445367999	-1244.78968791664	-702.844583429396
3689	127.052480820566	-1325.95153991133	-708.132749423385
3688	122.864308650605	-1281.68193623424	-634.178519248962
2801	53.377738367999	-864.104367792606	-245.698262006044
2803	50.748793000821	-899.608014151454	-299.942912533879
3033	90.3649415704422	-977.352843619883	-301.798019791022
3032	87.3153039719909	-939.023331739008	-254.345068242401
2781	17.3655989783583	-870.45575492084	-319.66288224794
2783	15.3014552779496	-905.935070477426	-378.470722353086
3013	54.7504314454272	-983.967795036733	-381.091755116358
3012	51.9701789016835	-945.737876463681	-331.516086589545
2780	16.2282194651198	-834.075035527349	-278.912135399878
2781	17.3642019944964	-870.453659445047	-319.663493428379
3012	51.9684181199409	-945.734325796366	-331.51579555124
3011	49.511876568431	-907.13007375598	-284.12599931471
2758	-19.89593692997	-840.63591202721	-347.584718838334
2759	-19.3484866031213	-877.136364579201	-395.321636460721
2990	16.3464374054456	-953.377515543252	-406.870123697445
2989	15.5299203470349	-914.741947781295	-351.600348949432
2758	-19.89593692997	-840.63591202721	-347.584718838334
2759	-19.3484866031213	-877.136364579201	-395.321636460721
2990	16.3464374054456	-953.377515543252	-406.870123697445
2989	15.5290363181848	-914.74613873288	-351.607101038098
2739	-56.8259856663644	-847.878167405725	-419.804098783061
2741	-57.4368095840327	-885.027751792222	-475.105334771797
2970	-21.3042567338562	-960.847188252956	-484.824937302619
2969	-20.8626279345481	-922.267441637814	-425.532489316538
2947	-58.8604052609298	-892.149284482002	-450.404768344015
2949	-59.4562043261249	-929.448520764709	-504.08102106303
3177	-18.2612129719928	-1006.78694434464	-511.076941620559
3175	-21.2289305636659	-968.189968261868	-458.302471088246
2946	-98.5308433882892	-899.609352927655	-534.412625711411
2948	-101.539975730702	-936.673139221966	-591.221498325467
3176	-61.6864999756217	-1013.25637660921	-595.554010942578
3174	-61.7161567788571	-973.353628069162	-539.743108674884
2781	17.3655989783583	-870.45575492084	-319.66288224794
2783	15.3014552779496	-905.935070477426	-378.470722353086
3013	54.7504314454272	-983.967795036733	-381.091755116358
3012	51.9715940754395	-945.742358453572	-331.518909661099
2759	-19.3487649085	-877.135840710253	-395.32154914923
2763	-22.2192065848503	-913.44810789451	-459.321221569553
2991	17.7032216015505	-991.868902929127	-462.014839285985
2990	16.3480999617605	-953.383801970631	-406.874838517979
2759	-19.3487649085	-877.135840710253	-395.32154914923
2763	-22.2192065848503	-913.44810789451	-459.321221569553
2991	17.7032216015505	-991.868902929127	-462.014839285985
2990	16.350644727936	-953.394512180239	-406.883278628811
2741	-57.4388577661011	-885.025307070464	-475.106673547998
2761	-61.5345488768071	-922.290317248553	-541.345914825797
2973	-21.2562517845072	-999.880372546613	-545.430346392095
2970	-21.3042567338562	-960.847188252956	-484.824937302619
