node	U1	U2	U3
3457	-333.41906729221256	-1192.6761362701654	-440.66666389242198
3459	-394.0657860355393	-1235.152711160481	-490.31452385186066
3714	-358.2375779254686	-1314.0696100890636	-539.82392766109956
3713	-306.41501348974145	-1271.1252784356475	-486.44906094862199
3435	-417.71586508848787	-1201.6012333333492	-468.403500712658
3437	-481.17708745617711	-1244.7896879166365	-516.17864528748908
3689	-442.41965991353948	-1325.9515399113297	-567.32633308402899
3688	-390.15334523578349	-1281.6819362342358	-514.83822684249594
2801	-147.29979775347351	-864.10436779260635	-203.76356025516239
2803	-189.44237254167828	-899.60801415145397	-238.01844100011772
3033	-164.37692336088142	-977.35284361988306	-268.75285018250952
3032	-131.08193846605732	-939.02333173900843	-234.80396388249818
2781	-226.4104788708174	-870.45575492084026	-226.32767699162309
2783	-271.57350572739534	-905.93507047742605	-264.04933856955995
3013	-247.18992199233691	-983.96779503673315	-295.17059139851534
3012	-212.13464548637975	-945.73787646368146	-260.00520638457931
2780	-196.82901312229509	-834.07503552734852	-198.27676105290647
2781	-226.41186651021459	-870.45365944504738	-226.32704488218354
3012	-212.13560424520023	-945.73432579636574	-260.00370111478151
3011	-178.49170656808133	-907.13007375597954	-226.53856204700421
2758	-272.07431621205245	-840.63591202721	-217.2246568278776
2759	-307.25111843434149	-877.13636457920074	-249.50012105940999
2990	-292.0205256232685	-953.37751554325223	-283.78603945249699
2989	-251.41479677152475	-914.74194778129458	-246.28151325603142
2758	-272.07431621205245	-840.63591202721	-217.2246568278776
2759	-307.25111843434149	-877.13636457920074	-249.50012105940999
2990	-292.0205256232685	-953.37751554325223	-283.78603945249699
2989	-251.42041415633136	-914.74613873288035	-246.28536256717695
2739	-350.49835928021963	-847.87816740572453	-237.94027432085957
2741	-392.08036630014885	-885.02775179222226	-274.40308414038446
2970	-375.19593815573847	-960.84718825295568	-307.79392322933541
2969	-330.75524576438323	-922.26744163781404	-268.54071592145453
2947	-374.6400461056607	-892.14928448200226	-256.85372979276553
2949	-415.00215039574925	-929.44852076470852	-292.24293181481823
3177	-392.71027374986886	-1006.7869443446398	-327.5847265162638
3175	-355.39849297372626	-968.18996826186776	-290.1443325148249
2946	-463.67054574587996	-899.60935292765498	-283.39867082661192
2948	-507.9761007347729	-936.67313922196627	-319.08229006934528
3176	-484.59675723215469	-1013.2563766092062	-351.64724811821748
3174	-443.06284837185939	-973.35362806916237	-314.3673325302658
2781	-226.4104788708174	-870.45575492084026	-226.32767699162309
2783	-271.57350572739534	-905.93507047742605	-264.04933856955995
3013	-247.18992199233691	-983.96779503673315	-295.17059139851534
3012	-212.13580265774624	-945.7423584535718	-260.00814465008619
2759	-307.25123921611385	-877.13584071025252	-249.49985556186985
2763	-356.81807940033974	-913.44810789451003	-290.08711784300164
2991	-332.17247475844562	-991.86890292912722	-321.60933255796169
2990	-292.02292614031415	-953.38380197063088	-283.79042478533279
2759	-307.25123921611385	-877.13584071025252	-249.49985556186985
2763	-356.81807940033974	-913.44810789451003	-290.08711784300164
2991	-332.17247475844562	-991.86890292912722	-321.60933255796169
2990	-292.027511362984	-953.39451218023896	-283.7979538648795
2741	-392.08273038920021	-885.0253070704639	-274.4024529078925
2761	-444.13497258818819	-922.29031724855304	-315.57253734781909
2973	-420.28732254670535	-999.88037254661322	-348.28818169993775
2970	-375.19593815573847	-960.84718825295568	-307.79392322933541
