node	x	y	z
3457	0.20661599934101105	0.21802200376987457	0.22300000488758087
3459	0.20861872150277566	0.21802200376987457	0.22523364326942705
3714	0.20638509421550885	0.21802200376987457	0.22723635548358323
3713	0.20438237205374424	0.21802200376987457	0.22500271710173705
3435	0.20661599934101105	0.21502199769020081	0.22300000488758087
3437	0.20861872150277566	0.21502199769020081	0.22523364326942705
3689	0.20638509421550885	0.21502199769020081	0.22723635548358323
3688	0.20438237205374424	0.21502199769020081	0.22500271710173705
2801	0.20061600208282471	0.22402200102806091	0.21400000154972076
2803	0.20261871429698089	0.22402200102806091	0.21623362883698757
3033	0.20038508700971408	0.22402200102806091	0.21823634105114376
3032	0.1983823747955579	0.22402200102806091	0.21600271376387695
2781	0.20061600208282471	0.22102199494838715	0.21400000154972076
2783	0.20261871429698089	0.22102199494838715	0.21623362883698757
3013	0.20038508700971408	0.22102199494838715	0.21823634105114376
3012	0.1983823747955579	0.22102199494838715	0.21600271376387695
2780	0.19761599600315094	0.22102199494838715	0.21400000154972076
2781	0.19961871816491555	0.22102199494838715	0.21623363993156694
3012	0.19738509087764874	0.22102199494838715	0.21823635214572312
3011	0.19538236871588413	0.22102199494838715	0.21600271376387695
2758	0.19761599600315094	0.21802200376987457	0.21400000154972076
2759	0.19961871816491555	0.21802200376987457	0.21623363993156694
2990	0.19738509087764874	0.21802200376987457	0.21823635214572312
2989	0.19538236871588413	0.21802200376987457	0.21600271376387695
2758	0.19761599600315094	0.21802200376987457	0.21400000154972076
2759	0.19961871816491555	0.21802200376987457	0.21623363993156694
2990	0.19738509087764874	0.21802200376987457	0.21823635214572312
2989	0.19538236871588413	0.21802200376987457	0.21600271376387695
2739	0.19761599600315094	0.21502199769020081	0.21400000154972076
2741	0.19961871816491555	0.21502199769020081	0.21623363993156694
2970	0.19738509087764874	0.21502199769020081	0.21823635214572312
2969	0.19538236871588413	0.21502199769020081	0.21600271376387695
2947	0.19461600482463837	0.21202200651168823	0.21699999272823334
2949	0.19661871703879455	0.21202200651168823	0.21923362001550015
3177	0.19438507865694837	0.21202200651168823	0.22123634217726476
3175	0.19238236644279219	0.21202200651168823	0.21900271488999795
2946	0.19461600482463837	0.20902200043201447	0.21699999272823334
2948	0.19661871703879455	0.20902200043201447	0.21923362001550015
3176	0.19438507865694837	0.20902200043201447	0.22123634217726476
3174	0.19238236644279219	0.20902200043201447	0.21900271488999795
2781	0.20061600208282471	0.22102199494838715	0.21400000154972076
2783	0.20261871429698089	0.22102199494838715	0.21623362883698757
3013	0.20038508700971408	0.22102199494838715	0.21823634105114376
3012	0.1983823747955579	0.22102199494838715	0.21600271376387695
2759	0.20061600208282471	0.21802200376987457	0.21400000154972076
2763	0.20261871429698089	0.21802200376987457	0.21623362883698757
2991	0.20038508700971408	0.21802200376987457	0.21823634105114376
2990	0.1983823747955579	0.21802200376987457	0.21600271376387695
2759	0.20061600208282471	0.21802200376987457	0.21400000154972076
2763	0.20261871429698089	0.21802200376987457	0.21623362883698757
2991	0.20038508700971408	0.21802200376987457	0.21823634105114376
2990	0.1983823747955579	0.21802200376987457	0.21600271376387695
2741	0.20061600208282471	0.21502199769020081	0.21400000154972076
2761	0.20261871429698089	0.21502199769020081	0.21623362883698757
2973	0.20038508700971408	0.21502199769020081	0.21823634105114376
2970	0.1983823747955579	0.21502199769020081	0.21600271376387695
