node	x	y	z
3457	0.206616	0.218022	0.223
3459	0.209616	0.218022	0.223
3714	0.209616	0.218022	0.226
3713	0.206616	0.218022	0.226
3435	0.206616	0.215022	0.223
3437	0.209616	0.215022	0.223
3689	0.209616	0.215022	0.226
3688	0.206616	0.215022	0.226
2801	0.200616	0.224022	0.214
2803	0.203616	0.224022	0.214
3033	0.203616	0.224022	0.217
3032	0.200616	0.224022	0.217
2781	0.200616	0.221022	0.214
2783	0.203616	0.221022	0.214
3013	0.203616	0.221022	0.217
3012	0.200616	0.221022	0.217
2780	0.197616	0.221022	0.214
2781	0.200616	0.221022	0.214
3012	0.200616	0.221022	0.217
3011	0.197616	0.221022	0.217
2758	0.197616	0.218022	0.214
2759	0.200616	0.218022	0.214
2990	0.200616	0.218022	0.217
2989	0.197616	0.218022	0.217
2758	0.197616	0.218022	0.214
2759	0.200616	0.218022	0.214
2990	0.200616	0.218022	0.217
2989	0.197616	0.218022	0.217
2739	0.197616	0.215022	0.214
2741	0.200616	0.215022	0.214
2970	0.200616	0.215022	0.217
2969	0.197616	0.215022	0.217
2947	0.194616	0.212022	0.217
2949	0.197616	0.212022	0.217
3177	0.197616	0.212022	0.22
3175	0.194616	0.212022	0.22
2946	0.194616	0.209022	0.217
2948	0.197616	0.209022	0.217
3176	0.197616	0.209022	0.22
3174	0.194616	0.209022	0.22
2781	0.200616	0.221022	0.214
2783	0.203616	0.221022	0.214
3013	0.203616	0.221022	0.217
3012	0.200616	0.221022	0.217
2759	0.200616	0.218022	0.214
2763	0.203616	0.218022	0.214
2991	0.203616	0.218022	0.217
2990	0.200616	0.218022	0.217
2759	0.200616	0.218022	0.214
2763	0.203616	0.218022	0.214
2991	0.203616	0.218022	0.217
2990	0.200616	0.218022	0.217
2741	0.200616	0.215022	0.214
2761	0.203616	0.215022	0.214
2973	0.203616	0.215022	0.217
2970	0.200616	0.215022	0.217
