node	U1	U2	U3
3457	105.515224277042	-1192.67799891531	-542.42362966761
3459	146.775681059808	-1280.47436010092	-598.386512137949
3714	176.816814928316	-1297.51744680107	-554.191588889807
3713	137.004928546958	-1214.60959780961	-503.205752465874
3435	69.8921212460846	-1201.60111691803	-623.700208961964
3437	111.803390609566	-1291.21111240238	-678.937416523695
3689	142.327058711089	-1309.2941371724	-636.333541478962
3688	102.815603895579	-1223.99325482547	-583.298271521926
2801	53.3783459104598	-864.105939399451	-245.69864035584
2803	79.78780195117	-944.809929933399	-284.654757706448
3033	101.992642157711	-968.396139796823	-254.816346568987
3032	73.8099188311026	-885.939749423414	-223.494396777824
2781	17.3659373103874	-870.456569828093	-319.663144182414
2783	44.2692580691073	-951.356603763998	-362.752500222996
3013	67.28131120326	-974.987866356969	-331.382791046053
3012	38.7360560125671	-892.283744178712	-293.654331471771
2780	16.2286851264071	-834.076141472906	-278.912368230522
2781	42.1517579525243	-913.593161385506	-313.352298690006
3012	64.2712257103994	-935.7551462017	-285.645393887535
3011	37.0860398106743	-855.497200973332	-252.05424753949
2758	-19.8952257051133	-840.637367218733	-347.584689734504
2759	6.39263816992752	-920.945545658469	-386.360101401806
2990	31.827024940867	-943.885184824467	-352.565373759717
2989	3.6310059385869	-863.575434777886	-315.604644129053
2758	-19.8952257051133	-840.637367218733	-347.584689734504
2759	6.39263816992752	-920.945545658469	-386.360101401806
2990	31.827024940867	-943.885184824467	-352.565373759717
2989	3.62469245374086	-863.565946929157	-315.608398523182
2739	-56.8250288779382	-847.879564389586	-419.803662225604
2741	-31.3491436827462	-928.374123759568	-463.368167402223
2970	-3.32592071572435	-951.440422795713	-423.789955675602
2969	-33.2836643792689	-870.326592121273	-385.314633604139
2947	-58.8609291298781	-892.145675607026	-450.401508715004
2949	-29.6779235213762	-974.213762674481	-491.483195219189
3177	-5.50561208001454	-995.960319414735	-458.587834145874
3175	-36.9089175364934	-916.243705432862	-423.403980676085
2946	-98.5276928986423	-899.612437933683	-534.409598913044
2948	-72.054986958392	-980.606069788337	-575.410900637507
3176	-46.3607902929652	-1000.59469696134	-539.27896078676
3174	-74.2876291042194	-921.149738132954	-502.392940688878
2781	17.3659373103874	-870.456569828093	-319.663144182414
2783	44.2692580691073	-951.356603763998	-362.752500222996
3013	67.28131120326	-974.987866356969	-331.382791046053
3012	38.737925933674	-892.288633622229	-293.655670247972
2759	-19.3491068785079	-877.134152688086	-395.32029768452
2763	7.30014926375588	-959.039840381593	-441.905227489769
2991	33.2108174916357	-982.734956778586	-405.352097004652
2990	3.45565854331653	-899.457081686705	-363.430386641994
2759	-19.3491068785079	-877.134152688086	-395.32029768452
2763	7.30014926375588	-959.039840381593	-441.905227489769
2991	33.2108174916357	-982.734956778586	-405.352097004652
2990	3.48890102941368	-899.523729458451	-363.433908205479
2741	-57.4390287511051	-885.022280272096	-475.103384815156
2761	-31.6110854328144	-966.944789979607	-523.641705513
2973	-3.4382369449304	-990.223372355103	-482.500559883192
2970	-33.7508718075696	-906.92809317261	-438.599789049476
