node	U1	U2	U3
3457	-333.41951110028191	-1192.6779989153147	-440.66799996558393
3459	-347.5420194939079	-1280.474360100925	-508.74754362580154
3714	-294.58228634894306	-1297.5174468010664	-501.61118389349429
3713	-283.19838474926934	-1214.6095978096128	-437.9327056024797
3435	-417.71456192746405	-1201.6011169180274	-468.40303588386496
3437	-430.8623082607802	-1291.2111124023795	-536.48269778983263
3689	-378.76505481202764	-1309.294137172401	-530.76774667056497
3688	-365.65469859258224	-1223.9932548254728	-465.94480720579639
2801	-147.29967387301642	-864.10593939945102	-203.76426517362722
2803	-158.67400949864771	-944.80992993339896	-249.4333240261594
3033	-121.6346359110761	-968.39613979682326	-246.04650958681947
3032	-117.12806348966549	-885.93974942341447	-204.15353597745514
2781	-226.41044803149398	-870.45656982809305	-226.32810375521893
2783	-240.53247367663425	-951.35660376399755	-275.12410424210941
3013	-201.81410706016553	-974.98786635696888	-271.31604307561713
3012	-192.77961863260555	-892.28374417871237	-224.87633727764387
2780	-196.82887561233451	-834.07614147290587	-198.2772631898936
2781	-205.16540474871368	-913.59316138550639	-240.56930495617164
3012	-169.77002504813657	-935.75514620169997	-238.54186236096393
3011	-162.90800578770484	-855.49720097333193	-195.87674619977423
2758	-272.07381974865348	-840.63736721873283	-217.22516693759451
2759	-283.39478354072367	-920.9455456584692	-262.68306081643658
2990	-241.25379866771652	-943.88518482446671	-259.05965899636368
2989	-232.55777889247486	-863.57543477788568	-213.39249067516613
2758	-272.07381974865348	-840.63736721873283	-217.22516693759451
2759	-283.39478354072367	-920.9455456584692	-262.68306081643658
2990	-241.25379866771652	-943.88518482446671	-259.05965899636368
2989	-232.56478891655067	-863.56594692915678	-213.39029633503
2739	-350.49739551788042	-847.87956438958645	-237.94069525869267
2741	-365.92610790991796	-928.37412375956774	-285.99110287076218
2970	-317.75082471407285	-951.44042279571295	-280.43430901667955
2969	-309.10320257855693	-870.32659212127328	-232.4443575131119
2947	-374.63796888703121	-892.14567560702562	-256.85116370961606
2949	-385.74333961057846	-974.21376267448068	-306.00422590788179
3177	-345.114500313029	-995.96031941473484	-302.04154526267962
3175	-339.88254100222451	-916.24370543286204	-255.17260309042035
2946	-463.66618897856114	-899.6124379336834	-283.39899589876222
2948	-476.52103171714492	-980.60606978833675	-330.48045638020602
3176	-432.4664460790558	-1000.5946969613433	-325.49023555183203
3174	-423.64635353720041	-921.14973813295364	-280.07335793784148
2781	-226.41044803149398	-870.45656982809305	-226.32810375521893
2783	-240.53247367663425	-951.35660376399755	-275.12410424210941
3013	-201.81410706016553	-974.98786635696888	-271.31604307561713
3012	-192.77936710293724	-892.2886336222291	-224.87862324778544
2759	-307.25053573464101	-877.13415268808603	-249.49876550626436
2763	-324.14477861679973	-959.03984038159251	-300.4391531700287
2991	-279.63208725291526	-982.73495677858591	-295.32892970907801
2990	-268.28323523667308	-899.45708168670535	-245.18909682459633
2759	-307.25053573464101	-877.13415268808603	-249.49876550626436
2763	-324.14477861679973	-959.03984038159251	-300.4391531700287
2991	-279.63208725291526	-982.73495677858591	-295.32892970907801
2990	-268.26366542158109	-899.52372945845127	-245.21619823837062
2741	-392.08039592578245	-885.0222802720964	-274.40013013366189
2761	-410.97731150499612	-966.94478997960687	-326.03304418866816
2973	-361.5384683694802	-990.22337235510349	-319.54428120361308
2970	-349.08827323187677	-906.92809317260981	-267.66821588302696
