node	x	y	z
3294	0.147578	0.235172	0.211
3293	0.150578	0.235172	0.211
3667	0.150578	0.235172	0.214
3666	0.147578	0.235172	0.214
3271	0.147578	0.232172	0.211
3273	0.150578	0.232172	0.211
3631	0.150578	0.232172	0.214
3630	0.147578	0.232172	0.214
3272	0.144578	0.232172	0.211
3271	0.147578	0.232172	0.211
3630	0.147578	0.232172	0.214
3629	0.144578	0.232172	0.214
3248	0.144578	0.229172	0.211
3247	0.147578	0.229172	0.211
3594	0.147578	0.229172	0.214
3593	0.144578	0.229172	0.214
3248	0.144578	0.229172	0.211
3247	0.147578	0.229172	0.211
3594	0.147578	0.229172	0.214
3593	0.144578	0.229172	0.214
3244	0.144578	0.226172	0.211
3223	0.147578	0.226172	0.211
3558	0.147578	0.226172	0.214
3557	0.144578	0.226172	0.214
3244	0.144578	0.226172	0.211
3223	0.147578	0.226172	0.211
3558	0.147578	0.226172	0.214
3557	0.144578	0.226172	0.214
3518	0.144578	0.223172	0.211
3220	0.147578	0.223172	0.211
3520	0.147578	0.223172	0.214
3519	0.144578	0.223172	0.214
3271	0.147578	0.232172	0.211
3273	0.150578	0.232172	0.211
3631	0.150578	0.232172	0.214
3630	0.147578	0.232172	0.214
3247	0.147578	0.229172	0.211
3249	0.150578	0.229172	0.211
3595	0.150578	0.229172	0.214
3594	0.147578	0.229172	0.214
3247	0.147578	0.229172	0.211
3249	0.150578	0.229172	0.211
3595	0.150578	0.229172	0.214
3594	0.147578	0.229172	0.214
3223	0.147578	0.226172	0.211
3222	0.150578	0.226172	0.211
3559	0.150578	0.226172	0.214
3558	0.147578	0.226172	0.214
3223	0.147578	0.226172	0.211
3222	0.150578	0.226172	0.211
3559	0.150578	0.226172	0.214
3558	0.147578	0.226172	0.214
3220	0.147578	0.223172	0.211
3200	0.150578	0.223172	0.211
3521	0.150578	0.223172	0.214
3520	0.147578	0.223172	0.214
