node	U1	U2	U3
3294	-208.886835025623	-119.091913802549	-411.833432735875
3293	-211.803009733558	-116.774681373499	-372.215028619394
3667	-195.306929526851	-109.948254248593	-305.336143355817
3666	-238.392865867354	-118.438932986464	-342.849438311532
3271	-210.760612390004	-124.625017633662	-415.65514402464
3273	-168.561251484789	-115.379305498209	-372.652779333293
3631	-195.39671484381	-114.562062663026	-310.82791974768
3630	-242.399299168028	-122.966332128271	-347.24676515907
3272	-208.405777812004	-133.343899506144	-503.263261634856
3271	-209.409015951678	-129.071020637639	-461.103103589267
3630	-191.507453564554	-119.652402645443	-384.669285267591
3629	-243.07357671205	-128.251864225604	-426.693964982405
3248	-204.012379981577	-138.879404403269	-509.125064127147
3247	-158.447059220634	-127.787177916616	-463.460426544771
3594	-190.945604117587	-126.41164357774	-389.82491241768
3593	-243.279224378057	-135.8597073704	-433.637760579586
3248	-204.012379981577	-138.879404403269	-509.125064127147
3247	-158.447059220634	-127.787177916616	-463.460426544771
3594	-190.945604117587	-126.41164357774	-389.82491241768
3593	-243.279879214242	-135.859954752959	-433.640467235819
3244	-198.237074073404	-145.118770888075	-519.041146617383
3223	-150.997293530963	-136.755552375689	-471.29814629443
3558	-183.888856554404	-132.884364575148	-398.768985178322
3557	-238.452383200638	-145.792102557607	-442.030461272225
3244	-198.237074073404	-145.118770888075	-519.041146617383
3223	-150.997293530963	-136.755552375689	-471.29814629443
3558	-183.888856554404	-132.884364575148	-398.768985178322
3557	-238.45219402574	-145.792218972929	-442.032556748018
3518	-188.321791938506	-150.290172314271	-535.001687239856
3220	-188.932055607438	-147.256490890868	-493.623781949282
3520	-169.839215232059	-138.17215221934	-414.273585192859
3519	-225.105293793604	-155.008092406206	-459.6192156896
3271	-210.760612390004	-124.625017633662	-415.65514402464
3273	-168.561251484789	-115.379305498209	-372.652779333293
3631	-195.39671484381	-114.562062663026	-310.82791974768
3630	-242.400608840398	-122.96685599722	-347.252876963466
3247	-212.682585697621	-131.827080622315	-420.264026615769
3249	-163.725926540792	-122.246929095127	-379.103323211893
3595	-194.431006093509	-119.525429909118	-314.928212901577
3594	-242.63457453344	-130.197193357162	-356.128788553178
3247	-212.682585697621	-131.827080622315	-420.264026615769
3249	-163.725926540792	-122.246929095127	-379.103323211893
3595	-194.431006093509	-119.525429909118	-314.928212901577
3594	-242.635069298558	-130.197324324399	-356.130040017888
3223	-205.740623641759	-139.342271722853	-429.787178291008
3222	-155.994319356978	-127.610735944472	-387.920445064083
3559	-187.51883180812	-125.091319205239	-321.290484862402
3558	-237.051543081179	-139.168536406942	-363.36318589747
3223	-205.740623641759	-139.342271722853	-429.787178291008
3222	-155.994319356978	-127.610735944472	-387.920445064083
3559	-187.51883180812	-125.091319205239	-321.290484862402
3558	-237.052430748008	-139.168929308653	-363.365601515397
3220	-189.920610864647	-144.047065987252	-448.515027528629
3200	-145.661499118432	-134.303525555879	-400.49763629213
3521	-174.182030605152	-129.881416796707	-333.501899149269
3520	-224.534072913229	-147.289290907793	-374.82738844119
