node	U1	U2	U3
3294	261.52389468402868	-119.09191380254924	-380.58604634869857
3293	225.34652497070468	-116.77468137349933	-364.1750762283948
3667	174.53265772240707	-109.948254248593	-317.6685514006117
3666	186.83406844177165	-118.43893298646435	-373.45672669866138
3271	263.9817237009114	-124.62501763366163	-384.06104207671166
3273	246.43692958216349	-115.37930549820885	-326.4227767559463
3631	179.31089174378695	-114.56206266302615	-320.37708402517092
3630	188.77601820211137	-122.96633212827146	-379.07961050727306
3272	342.02043983187798	-133.34389950614423	-423.94445092958711
3271	304.52766611079443	-129.07102063763887	-404.63700853310058
3630	245.99853696235994	-119.65240264544263	-352.3212789648648
3629	258.19979392627886	-128.25186422560364	-417.71445972628464
3248	349.27026977707033	-138.87940440326929	-422.89438487413349
3247	331.00004118779987	-127.7871779166162	-361.02632907089014
3594	250.79369786678495	-126.4116435777396	-354.29677839854264
3593	264.19727464126674	-135.85970737040043	-421.22000010278987
3248	349.27026977707033	-138.87940440326929	-422.89438487413349
3247	331.00004118779987	-127.7871779166162	-361.02632907089014
3594	250.79369786678495	-126.4116435777396	-354.29677839854264
3593	264.19933724809823	-135.85995475295931	-421.2218710521343
3244	360.74106965346823	-145.11877088807523	-422.57251458695612
3223	341.44805447172109	-136.75555237568915	-358.23923773327556
3558	262.02478301214956	-132.88436457514763	-352.38448914853006
3557	273.87653085232409	-145.792102557607	-421.00132255718114
3244	360.74106965346823	-145.11877088807523	-422.57251458695612
3223	341.44805447172109	-136.75555237568915	-358.23923773327556
3558	262.02478301214956	-132.88436457514763	-352.38448914853006
3557	273.87846105476643	-145.79221897292882	-421.00215988893854
3518	379.50070306441381	-150.29017231427133	-421.51052067776163
3220	342.88284247386281	-147.25649089086801	-402.23266411246141
3520	282.36386401753657	-138.17215221934021	-347.47461880873118
3519	295.70887625440594	-155.00809240620583	-417.70620923010432
3271	263.9817237009114	-124.62501763366163	-384.06104207671166
3273	246.43692958216349	-115.37930549820885	-326.4227767559463
3631	179.31089174378695	-114.56206266302615	-320.37708402517092
3630	188.78075662143152	-122.96685599721968	-379.08368687539172
3247	267.10753155264149	-131.82708062231541	-387.95528210630164
3249	254.41522987313152	-122.24692909512669	-325.2666590669013
3595	183.37296159426086	-119.52542990911752	-321.49269411304715
3594	196.46088088700009	-130.19719335716218	-383.53927188292187
3247	267.10753155264149	-131.82708062231541	-387.95528210630164
3249	254.41522987313152	-122.24692909512669	-325.2666590669013
3595	183.37296159426086	-119.52542990911752	-321.49269411304715
3594	196.46174263128987	-130.19732432439923	-383.54030549465762
3223	278.79202526181189	-139.34227172285318	-386.42105207954677
3222	265.85801810443644	-127.61073594447225	-322.701121132146
3559	192.26825712507321	-125.09131920523942	-318.47104302885396
3558	205.48536126504194	-139.16853640694171	-382.1020874694384
3223	278.79202526181189	-139.34227172285318	-386.42105207954677
3222	265.85801810443644	-127.61073594447225	-322.701121132146
3559	192.26825712507321	-125.09131920523942	-318.47104302885396
3558	205.48705687970619	-139.16892930865288	-382.10402345840612
3220	302.80852854746098	-144.0470659872517	-381.50041073258183
3200	281.84734713255591	-134.30352555587888	-319.65247052909297
3521	209.37491231868407	-129.88141679670662	-312.61004880433165
3520	221.54370706556307	-147.28929090779275	-376.60258480830191
