node	x	y	z
3294	0.14757800102233887	0.23517200350761414	0.210999995470047
3293	0.14901453919631852	0.23517200350761414	0.20836629188900779
3667	0.15164824277735772	0.23517200350761414	0.20980283006298744
3666	0.15021170460337807	0.23517200350761414	0.21243653364402665
3271	0.14757800102233887	0.23217199742794037	0.210999995470047
3273	0.14901453919631852	0.23217199742794037	0.20836629188900779
3631	0.15164824277735772	0.23217199742794037	0.20980283006298744
3630	0.15021170460337807	0.23217199742794037	0.21243653364402665
3272	0.1445779949426651	0.23217199742794037	0.210999995470047
3271	0.14601453311664475	0.23217199742794037	0.20836629188900779
3630	0.14864823669768396	0.23217199742794037	0.20980283006298744
3629	0.1472116985237043	0.23217199742794037	0.21243653364402665
3248	0.1445779949426651	0.2291720062494278	0.210999995470047
3247	0.14601453311664475	0.2291720062494278	0.20836629188900779
3594	0.14864823669768396	0.2291720062494278	0.20980283006298744
3593	0.1472116985237043	0.2291720062494278	0.21243653364402665
3248	0.1445779949426651	0.2291720062494278	0.210999995470047
3247	0.14601453311664475	0.2291720062494278	0.20836629188900779
3594	0.14864823669768396	0.2291720062494278	0.20980283006298744
3593	0.1472116985237043	0.2291720062494278	0.21243653364402665
3244	0.1445779949426651	0.22617200016975403	0.210999995470047
3223	0.14601453311664475	0.22617200016975403	0.20836629188900779
3558	0.14864823669768396	0.22617200016975403	0.20980283006298744
3557	0.1472116985237043	0.22617200016975403	0.21243653364402665
3244	0.1445779949426651	0.22617200016975403	0.210999995470047
3223	0.14601453311664475	0.22617200016975403	0.20836629188900779
3558	0.14864823669768396	0.22617200016975403	0.20980283006298744
3557	0.1472116985237043	0.22617200016975403	0.21243653364402665
3518	0.1445779949426651	0.22317199409008026	0.210999995470047
3220	0.14601453311664475	0.22317199409008026	0.20836629188900779
3520	0.14864823669768396	0.22317199409008026	0.20980283006298744
3519	0.1472116985237043	0.22317199409008026	0.21243653364402665
3271	0.14757800102233887	0.23217199742794037	0.210999995470047
3273	0.14901453919631852	0.23217199742794037	0.20836629188900779
3631	0.15164824277735772	0.23217199742794037	0.20980283006298744
3630	0.15021170460337807	0.23217199742794037	0.21243653364402665
3247	0.14757800102233887	0.2291720062494278	0.210999995470047
3249	0.14901453919631852	0.2291720062494278	0.20836629188900779
3595	0.15164824277735772	0.2291720062494278	0.20980283006298744
3594	0.15021170460337807	0.2291720062494278	0.21243653364402665
3247	0.14757800102233887	0.2291720062494278	0.210999995470047
3249	0.14901453919631852	0.2291720062494278	0.20836629188900779
3595	0.15164824277735772	0.2291720062494278	0.20980283006298744
3594	0.15021170460337807	0.2291720062494278	0.21243653364402665
3223	0.14757800102233887	0.22617200016975403	0.210999995470047
3222	0.14901453919631852	0.22617200016975403	0.20836629188900779
3559	0.15164824277735772	0.22617200016975403	0.20980283006298744
3558	0.15021170460337807	0.22617200016975403	0.21243653364402665
3223	0.14757800102233887	0.22617200016975403	0.210999995470047
3222	0.14901453919631852	0.22617200016975403	0.20836629188900779
3559	0.15164824277735772	0.22617200016975403	0.20980283006298744
3558	0.15021170460337807	0.22617200016975403	0.21243653364402665
3220	0.14757800102233887	0.22317199409008026	0.210999995470047
3200	0.14901453919631852	0.22317199409008026	0.20836629188900779
3521	0.15164824277735772	0.22317199409008026	0.20980283006298744
3520	0.15021170460337807	0.22317199409008026	0.21243653364402665
