node	U1	U2	U3
3294	-154.657987877727	-39.8593183490448	-230.641511734575
3293	-158.390088472515	-34.9285692209378	-186.593388207257
3667	-185.963450348936	-37.4034825654235	-190.668099094182
3666	-187.306082807481	-41.7064802604727	-231.811049161479
3271	-151.774074765854	-43.1437983934302	-230.226447456516
3273	-155.769797856919	-37.3249022231903	-187.130615813658
3631	-183.894706424326	-39.6552240999881	-191.087150597014
3630	-186.127508641221	-44.7827405878343	-231.310128583573
3272	-147.017723065801	-50.1704598718788	-277.739833109081
3271	-151.774162077345	-43.1438274972606	-230.226622079499
3630	-186.125733307563	-44.782500481233	-231.308891670778
3629	-184.424716280773	-51.0482132085599	-276.75338787958
3248	-140.785967232659	-53.7468476977665	-278.45345903188
3247	-149.372441228479	-46.7177269456442	-229.508121265098
3594	-181.090697878972	-48.5196396766696	-232.93423873838
3593	-181.627314304933	-54.6562878298573	-277.133891358972
3248	-140.785967232659	-53.7468476977665	-278.45345903188
3247	-149.372441228479	-46.7177269456442	-229.508121265098
3594	-181.090697878972	-48.5196396766696	-232.93423873838
3593	-181.628449354321	-54.6564660908189	-277.134357020259
3244	-134.782938403077	-57.3788420297205	-280.286883935332
3223	-143.039200338535	-50.4848139826208	-231.717596761882
3558	-176.434055902064	-53.1908917764667	-233.450264204293
3557	-175.892899278551	-59.9983904976398	-279.641506494954
3244	-134.782938403077	-57.3788420297205	-280.286883935332
3223	-143.039200338535	-50.4848139826208	-231.717596761882
3558	-176.434055902064	-53.1908917764667	-233.450264204293
3557	-175.893990672193	-59.9985833105166	-279.642204986885
3518	-126.571365399286	-60.5446984991431	-284.5382259693
3220	-132.815897813998	-53.5961989953648	-237.589571042918
3520	-169.323902809992	-58.1041786062997	-236.694657360204
3519	-165.822464623488	-65.9689103486016	-284.137291600928
3271	-151.774074765854	-43.1437983934302	-230.226447456516
3273	-155.769797856919	-37.3249022231903	-187.130615813658
3631	-183.894706424326	-39.6552240999881	-191.087150597014
3630	-186.127261258662	-44.7826969320886	-231.309808441438
3247	-149.372353916988	-46.7177196696866	-229.508033953607
3249	-153.310800669715	-40.0102653657086	-187.397890840657
3595	-178.697286173701	-42.9356587119401	-194.077452761121
3594	-181.090741534717	-48.5196469526272	-232.934296946041
3247	-149.372353916988	-46.7177196696866	-229.508033953607
3249	-153.310800669715	-40.0102653657086	-187.397890840657
3595	-178.697286173701	-42.9356587119401	-194.077452761121
3594	-181.09061056748	-48.5196942463517	-232.934718951583
3223	-143.039098475128	-50.4847557749599	-231.717291171663
3222	-148.587379953824	-43.4901194239501	-188.205303857103
3559	-173.849708517082	-46.735025534872	-194.19685122557
3558	-176.434070453979	-53.1908772245515	-233.450191444717
3223	-143.039098475128	-50.4847557749599	-231.717291171663
3222	-148.587379953824	-43.4901194239501	-188.205303857103
3559	-173.849708517082	-46.735025534872	-194.19685122557
3558	-176.433473825455	-53.1905316165648	-233.448197832331
3220	-132.815825054422	-53.5961480636615	-237.589294556528
3200	-139.878437039442	-46.8693833681755	-191.241953871213
3521	-168.292492162436	-50.3854134876747	-195.024680579081
3520	-169.323902809992	-58.1041786062997	-236.694657360204
