node	U1	U2	U3
3294	128.42283037516609	-39.85931834904477	-246.21571190325858
3293	87.965910481623638	-34.928569220937788	-228.3998932620903
3667	78.339727901027388	-37.403482565423474	-254.55768680254596
3666	113.8161867214061	-41.706480260472745	-275.43748258039727
3271	129.43939331509617	-43.143798393430188	-243.48517478010609
3273	89.692255572097039	-37.324902223190293	-226.35679046490719
3631	79.698220835808712	-39.655224099988118	-252.94219847582042
3630	113.940783289188	-44.782740587834269	-274.16294965181368
3272	173.42892240991904	-50.170459871878847	-262.06112772146668
3271	129.43950480783175	-43.143827497260645	-243.48533504817073
3630	113.94054751397081	-44.782500481233001	-274.16079879781944
3629	154.65076777809037	-51.048213208559901	-294.428350713236
3248	177.039459857498	-53.746847697766498	-256.93198919134153
3247	129.95878559373654	-46.717726945644245	-241.03281513559892
3594	117.77844073388658	-48.519639676669613	-270.518833601685
3593	156.32433375402252	-54.65628782985732	-292.15471537825664
3248	177.039459857498	-53.746847697766498	-256.93198919134153
3247	129.95878559373654	-46.717726945644245	-241.03281513559892
3594	117.77844073388658	-48.519639676669613	-270.518833601685
3593	156.3241990449705	-54.656466090818867	-292.15593481706958
3244	181.52354337257105	-57.378842029720545	-252.53986020470614
3223	134.93112412750835	-50.484813982620835	-236.53086315378965
3558	120.46126932360139	-53.190891776466742	-266.67786659573716
3557	161.27166407941951	-59.998390497639775	-288.32123497314069
3244	181.52354337257105	-57.378842029720545	-252.53986020470614
3223	134.93112412750835	-50.484813982620835	-236.53086315378965
3558	120.46126932360139	-53.190891776466742	-266.67786659573716
3557	161.27175467659259	-59.998583310516551	-288.32252757641004
3518	189.18786544952818	-60.544698499143124	-247.36665932062687
3220	144.9815051039534	-53.59619899536483	-230.36759789147507
3520	126.71418205591806	-58.104178606299683	-261.98942908363989
3519	170.04068935639867	-65.968910348601639	-281.63319089787592
3271	129.43939331509617	-43.143798393430188	-243.48517478010609
3273	89.692255572097039	-37.324902223190293	-226.35679046490719
3631	79.698220835808712	-39.655224099988118	-252.94219847582042
3630	113.94062069451819	-44.782696932088584	-274.1625791763214
3247	129.9587507517081	-46.71771966968663	-241.03269667621305
3249	91.104374885308388	-40.010265365708619	-224.32602160755454
3595	84.812164510184388	-42.93565871194005	-249.81127778222566
3594	117.77847093001864	-48.519646952627227	-270.51889979949107
3247	129.9587507517081	-46.71771966968663	-241.03269667621305
3249	91.104374885308388	-40.010265365708619	-224.32602160755454
3595	84.812164510184388	-42.93565871194005	-249.81127778222566
3594	117.7789041214547	-48.519694246351719	-270.51898689871086
3223	134.93090462682514	-50.484755774959922	-236.53062739758906
3222	94.074989106164878	-43.490119423950091	-220.56595908290444
3559	87.238223099787348	-46.735025534871966	-245.61276556358428
3558	120.46119847989895	-53.190877224551514	-266.67784453028941
3223	134.93090462682514	-50.484755774959922	-236.53062739758906
3222	94.074989106164878	-43.490119423950091	-220.56595908290444
3559	87.238223099787348	-46.735025534871966	-245.61276556358428
3558	120.45973398139017	-53.19053161656484	-266.67636611895944
3220	144.98129721727969	-53.596148063661531	-230.36740162173646
3200	100.91109690841074	-46.869383368175477	-214.37446813885671
3521	90.626019756669493	-50.385413487674668	-241.130490598514
3520	126.71418205591806	-58.104178606299683	-261.98942908363989
